<?xml version="1.0" encoding="UTF-8"?>
<!-- Generated by org.testng.reporters.JUnitReportReporter -->
<testsuite hostname="DESKTOP-I3EJ3VM" failures="0" tests="1" name="maventestpackage.MavenTestClass" time="8.828" errors="0" timestamp="2022-12-13T13:14:41 IST" skipped="0">
  <testcase classname="maventestpackage.MavenTestClass" name="test" time="8.828"/>
  <system-out/>
</testsuite> <!-- maventestpackage.MavenTestClass -->
